============================= test session starts =============================
platform win32 -- Python 3.13.5, pytest-9.0.1, pluggy-1.6.0 -- C:\Python313\python.exe
cachedir: .pytest_cache
rootdir: C:\Projects\Unity-Generator\backend
configfile: pytest.ini
testpaths: tests
plugins: anyio-4.12.1
collecting ... collected 79 items

tests/test_agent_manager.py::test_agent_manager_init_without_agents PASSED [  1%]
tests/test_agent_manager.py::test_run_code_raises_when_agent_unavailable PASSED [  2%]
tests/test_agent_manager.py::test_run_text_raises_when_agent_unavailable PASSED [  3%]
tests/test_agent_manager.py::test_run_image_raises_when_agent_unavailable PASSED [  5%]
tests/test_agent_manager.py::test_run_audio_raises_when_agent_unavailable PASSED [  6%]
tests/test_agent_manager.py::test_run_code_calls_agent_run PASSED        [  7%]
tests/test_config.py::test_get_repo_root PASSED                          [  8%]
tests/test_config.py::test_get_config_dir PASSED                         [ 10%]
tests/test_config.py::test_get_db_dir PASSED                             [ 11%]
tests/test_config.py::test_get_logs_dir PASSED                           [ 12%]
tests/test_config.py::test_load_api_keys_missing_file PASSED             [ 13%]
tests/test_config.py::test_load_api_keys_valid_json PASSED               [ 15%]
tests/test_config.py::test_load_api_keys_invalid_json PASSED             [ 16%]
tests/test_config.py::test_save_api_keys_creates_file PASSED             [ 17%]
tests/test_config.py::test_save_and_load_roundtrip PASSED                [ 18%]
tests/test_config_keys.py::test_config_keys_roundtrip PASSED             [ 20%]
tests/test_db.py::test_init_db_creates_table PASSED                      [ 21%]
tests/test_db.py::test_set_and_get_pref PASSED                           [ 22%]
tests/test_db.py::test_get_pref_returns_none_for_missing_key PASSED      [ 24%]
tests/test_db.py::test_set_pref_upsert_behavior PASSED                   [ 25%]
tests/test_db.py::test_multiple_prefs PASSED                             [ 26%]
tests/test_generate_audio.py::test_generate_audio_success PASSED         [ 27%]
tests/test_generate_audio.py::test_generate_audio_uses_audio_provider_preference PASSED [ 29%]
tests/test_generate_audio.py::test_generate_audio_error_handling PASSED  [ 30%]
tests/test_generate_code.py::test_generate_code_success PASSED           [ 31%]
tests/test_generate_code.py::test_generate_code_uses_preference_fallback PASSED [ 32%]
tests/test_generate_code.py::test_generate_code_error_handling PASSED    [ 34%]
tests/test_generate_code.py::test_generate_code_with_options PASSED      [ 35%]
tests/test_generate_image.py::test_generate_image_success PASSED         [ 36%]
tests/test_generate_image.py::test_generate_image_uses_image_provider_preference PASSED [ 37%]
tests/test_generate_image.py::test_generate_image_error_handling PASSED  [ 39%]
tests/test_generate_text.py::test_generate_text_success PASSED           [ 40%]
tests/test_generate_text.py::test_generate_text_uses_preference_fallback PASSED [ 41%]
tests/test_generate_text.py::test_generate_text_error_handling PASSED    [ 43%]
tests/test_health.py::test_health_endpoint PASSED                        [ 44%]
tests/test_output_latest.py::test_output_latest PASSED                   [ 45%]
tests/test_prefs.py::test_prefs_roundtrip PASSED                         [ 46%]
tests/test_schemas.py::test_generation_request_minimal PASSED            [ 48%]
tests/test_schemas.py::test_generation_request_full PASSED               [ 49%]
tests/test_schemas.py::test_api_keys_request PASSED                      [ 50%]
tests/test_schemas.py::test_pref_request PASSED                          [ 51%]
tests/test_schemas.py::test_unity_project_request_minimal PASSED         [ 53%]
tests/test_schemas.py::test_unity_project_request_full PASSED            [ 54%]
tests/test_schemas.py::test_ok_response_structure PASSED                 [ 55%]
tests/test_schemas.py::test_error_response_structure PASSED              [ 56%]
tests/test_schemas.py::test_generation_response_model PASSED             [ 58%]
tests/test_unity_project.py::test_unity_project_generation PASSED        [ 59%]
tests/test_unity_project_utils.py::test_safe_name_removes_special_chars PASSED [ 60%]
tests/test_unity_project_utils.py::test_safe_name_default PASSED         [ 62%]
tests/test_unity_project_utils.py::test_safe_name_valid_chars PASSED     [ 63%]
tests/test_unity_project_utils.py::test_timestamp_format PASSED          [ 64%]
tests/test_unity_project_utils.py::test_write_text PASSED                [ 65%]
tests/test_unity_project_utils.py::test_write_bytes PASSED               [ 67%]
tests/test_unity_project_utils.py::test_write_meta_creates_meta_file PASSED [ 68%]
tests/test_unity_project_utils.py::test_write_script_meta PASSED         [ 69%]
tests/test_unity_project_utils.py::test_write_texture_meta PASSED        [ 70%]
tests/test_unity_project_utils.py::test_write_audio_meta PASSED          [ 72%]
tests/test_unity_project_utils.py::test_save_image_with_base64 PASSED    [ 73%]
tests/test_unity_project_utils.py::test_save_image_with_url PASSED       [ 74%]
tests/test_unity_project_utils.py::test_save_image_with_list PASSED      [ 75%]
tests/test_unity_project_utils.py::test_save_audio_with_bytes PASSED     [ 77%]
tests/test_unity_project_utils.py::test_save_audio_with_url PASSED       [ 78%]
tests/test_unity_project_utils.py::test_get_latest_project_path_empty PASSED [ 79%]
tests/test_unity_project_utils.py::test_get_latest_project_path_returns_latest PASSED [ 81%]
tests/test_unity_project_utils.py::test_create_unity_project_structure PASSED [ 82%]
tests/test_unity_skills.py::TestUnityCodeSkill::test_init PASSED         [ 83%]
tests/test_unity_skills.py::TestUnityCodeSkill::test_generate_csharp_prompt PASSED [ 84%]
tests/test_unity_skills.py::TestUnityCodeSkill::test_generate_csharp_empty_prompt PASSED [ 86%]
tests/test_unity_skills.py::TestUnityCodeSkill::test_validate_syntax_valid_code FAILED [ 87%]
tests/test_unity_skills.py::TestUnityCodeSkill::test_validate_syntax_invalid_code PASSED [ 88%]
tests/test_unity_skills.py::TestUnityCodeSkill::test_extract_csharp_from_markdown PASSED [ 89%]
tests/test_unity_skills.py::TestUnityCodeSkill::test_extract_csharp_from_plain_text PASSED [ 91%]
tests/test_unity_skills.py::TestUnityProjectSkill::test_init_default_output PASSED [ 92%]
tests/test_unity_skills.py::TestUnityProjectSkill::test_init_custom_output PASSED [ 93%]
tests/test_unity_skills.py::TestUnityProjectSkill::test_write_asset_safe_path PASSED [ 94%]
tests/test_unity_skills.py::TestUnityProjectSkill::test_write_asset_creates_directories PASSED [ 96%]
tests/test_unity_skills.py::TestUnityProjectSkill::test_write_asset_path_traversal_prevention PASSED [ 97%]
tests/test_unity_skills.py::TestUnityProjectSkill::test_create_folder PASSED [ 98%]
tests/test_unity_skills.py::TestUnityProjectSkill::test_get_output_path PASSED [100%]

================================== FAILURES ===================================
_____________ TestUnityCodeSkill.test_validate_syntax_valid_code ______________

self = <test_unity_skills.TestUnityCodeSkill object at 0x0000027C27C0BA80>

        def test_validate_syntax_valid_code(self):
            """Test syntax validation with valid code."""
            skill = UnityCodeSkill()
            valid_code = """
    using UnityEngine;
    
    public class TestScript : MonoBehaviour
    {
        void Start()
        {
            Debug.Log("Hello");
        }
    }
    """
>           assert skill.validate_syntax(valid_code) is True
E           assert False is True
E            +  where False = validate_syntax('\nusing UnityEngine;\n\npublic class TestScript : MonoBehaviour\n{\n    void Start()\n    {\n        Debug.Log("Hello");\n    }\n}\n')
E            +    where validate_syntax = <agents.unity_skills.UnityCodeSkill object at 0x0000027C282743E0>.validate_syntax

tests\test_unity_skills.py:52: AssertionError
---------------------------- Captured stderr call -----------------------------
2026-02-10 15:25:15,732 WARNING agents.unity_skills Possible unterminated string literal
------------------------------ Captured log call ------------------------------
WARNING  agents.unity_skills:unity_skills.py:197 Possible unterminated string literal
=========================== short test summary info ===========================
FAILED tests/test_unity_skills.py::TestUnityCodeSkill::test_validate_syntax_valid_code
======================== 1 failed, 78 passed in 2.20s =========================
